Mar 02, 2014 3:53:07 PM org.apache.catalina.core.AprLifecycleListener init
INFO: The APR based Apache Tomcat Native library which allows optimal performance in production environments was not found on the java.library.path: /usr/java/packages/lib/i386:/lib:/usr/lib
Mar 02, 2014 3:53:07 PM org.apache.coyote.AbstractProtocolHandler init
INFO: Initializing ProtocolHandler ["http-bio-8081"]
Mar 02, 2014 3:53:07 PM org.apache.coyote.AbstractProtocolHandler init
INFO: Initializing ProtocolHandler ["ajp-bio-8009"]
Mar 02, 2014 3:53:07 PM org.apache.catalina.startup.Catalina load
INFO: Initialization processed in 727 ms
Mar 02, 2014 3:53:07 PM org.apache.catalina.core.StandardService startInternal
INFO: Starting service Catalina
Mar 02, 2014 3:53:07 PM org.apache.catalina.core.StandardEngine startInternal
INFO: Starting Servlet Engine: Apache Tomcat/7.0.12
Mar 02, 2014 3:53:07 PM org.apache.catalina.startup.HostConfig deployDirectory
INFO: Deploying web application directory docs
Mar 02, 2014 3:53:08 PM org.apache.catalina.startup.HostConfig deployDirectory
INFO: Deploying web application directory host-manager
Mar 02, 2014 3:53:08 PM org.apache.catalina.startup.HostConfig deployDirectory
INFO: Deploying web application directory ROOT
Mar 02, 2014 3:53:08 PM org.apache.catalina.startup.HostConfig deployDirectory
INFO: Deploying web application directory manager
Mar 02, 2014 3:53:08 PM org.apache.catalina.startup.HostConfig deployDirectory
INFO: Deploying web application directory examples
Mar 02, 2014 3:53:08 PM org.apache.coyote.AbstractProtocolHandler start
INFO: Starting ProtocolHandler ["http-bio-8081"]
Mar 02, 2014 3:53:08 PM org.apache.coyote.AbstractProtocolHandler start
INFO: Starting ProtocolHandler ["ajp-bio-8009"]
Mar 02, 2014 3:53:08 PM org.apache.catalina.startup.Catalina start
INFO: Server startup in 828 ms
Mar 02, 2014 3:53:08 PM org.apache.catalina.core.StandardServer await
SEVERE: StandardServer.await: create[localhost:8005]: 
java.net.BindException: Address already in use
	at java.net.PlainSocketImpl.socketBind(Native Method)
	at java.net.AbstractPlainSocketImpl.bind(Unknown Source)
	at java.net.ServerSocket.bind(Unknown Source)
	at java.net.ServerSocket.<init>(Unknown Source)
	at org.apache.catalina.core.StandardServer.await(StandardServer.java:422)
	at org.apache.catalina.startup.Catalina.await(Catalina.java:707)
	at org.apache.catalina.startup.Catalina.start(Catalina.java:653)
	at sun.reflect.NativeMethodAccessorImpl.invoke0(Native Method)
	at sun.reflect.NativeMethodAccessorImpl.invoke(Unknown Source)
	at sun.reflect.DelegatingMethodAccessorImpl.invoke(Unknown Source)
	at java.lang.reflect.Method.invoke(Unknown Source)
	at org.apache.catalina.startup.Bootstrap.start(Bootstrap.java:303)
	at org.apache.catalina.startup.Bootstrap.main(Bootstrap.java:431)

Mar 02, 2014 3:53:08 PM org.apache.coyote.AbstractProtocolHandler pause
INFO: Pausing ProtocolHandler ["http-bio-8081"]
Mar 02, 2014 3:53:09 PM org.apache.coyote.AbstractProtocolHandler pause
INFO: Pausing ProtocolHandler ["ajp-bio-8009"]
Mar 02, 2014 3:53:10 PM org.apache.catalina.core.StandardService stopInternal
INFO: Stopping service Catalina
Mar 02, 2014 3:53:10 PM org.apache.coyote.AbstractProtocolHandler stop
INFO: Stopping ProtocolHandler ["http-bio-8081"]
Mar 02, 2014 3:53:10 PM org.apache.coyote.AbstractProtocolHandler stop
INFO: Stopping ProtocolHandler ["ajp-bio-8009"]
Mar 02, 2014 3:55:35 PM org.apache.catalina.core.AprLifecycleListener init
INFO: The APR based Apache Tomcat Native library which allows optimal performance in production environments was not found on the java.library.path: /usr/java/packages/lib/i386:/lib:/usr/lib
Mar 02, 2014 3:55:35 PM org.apache.coyote.AbstractProtocolHandler init
INFO: Initializing ProtocolHandler ["http-bio-8080"]
Mar 02, 2014 3:55:35 PM org.apache.coyote.AbstractProtocolHandler init
INFO: Initializing ProtocolHandler ["ajp-bio-8009"]
Mar 02, 2014 3:55:35 PM org.apache.catalina.startup.Catalina load
INFO: Initialization processed in 680 ms
Mar 02, 2014 3:55:35 PM org.apache.catalina.core.StandardService startInternal
INFO: Starting service Catalina
Mar 02, 2014 3:55:35 PM org.apache.catalina.core.StandardEngine startInternal
INFO: Starting Servlet Engine: Apache Tomcat/7.0.12
Mar 02, 2014 3:55:35 PM org.apache.catalina.startup.HostConfig deployDirectory
INFO: Deploying web application directory docs
Mar 02, 2014 3:55:36 PM org.apache.catalina.startup.HostConfig deployDirectory
INFO: Deploying web application directory host-manager
Mar 02, 2014 3:55:36 PM org.apache.catalina.startup.HostConfig deployDirectory
INFO: Deploying web application directory ROOT
Mar 02, 2014 3:55:36 PM org.apache.catalina.startup.HostConfig deployDirectory
INFO: Deploying web application directory manager
Mar 02, 2014 3:55:36 PM org.apache.catalina.startup.HostConfig deployDirectory
INFO: Deploying web application directory examples
Mar 02, 2014 3:55:36 PM org.apache.coyote.AbstractProtocolHandler start
INFO: Starting ProtocolHandler ["http-bio-8080"]
Mar 02, 2014 3:55:36 PM org.apache.coyote.AbstractProtocolHandler start
INFO: Starting ProtocolHandler ["ajp-bio-8009"]
Mar 02, 2014 3:55:36 PM org.apache.catalina.startup.Catalina start
INFO: Server startup in 768 ms
Mar 02, 2014 3:55:54 PM org.apache.catalina.core.StandardServer await
INFO: A valid shutdown command was received via the shutdown port. Stopping the Server instance.
Mar 02, 2014 3:55:54 PM org.apache.coyote.AbstractProtocolHandler pause
INFO: Pausing ProtocolHandler ["http-bio-8080"]
Mar 02, 2014 3:55:55 PM org.apache.coyote.AbstractProtocolHandler pause
INFO: Pausing ProtocolHandler ["ajp-bio-8009"]
Mar 02, 2014 3:55:56 PM org.apache.catalina.core.StandardService stopInternal
INFO: Stopping service Catalina
Mar 02, 2014 3:55:56 PM org.apache.coyote.AbstractProtocolHandler stop
INFO: Stopping ProtocolHandler ["http-bio-8080"]
Mar 02, 2014 3:55:56 PM org.apache.coyote.AbstractProtocolHandler stop
INFO: Stopping ProtocolHandler ["ajp-bio-8009"]
Mar 02, 2014 4:01:52 PM org.apache.catalina.core.AprLifecycleListener init
INFO: The APR based Apache Tomcat Native library which allows optimal performance in production environments was not found on the java.library.path: /usr/java/packages/lib/i386:/lib:/usr/lib
Mar 02, 2014 4:01:52 PM org.apache.coyote.AbstractProtocolHandler init
INFO: Initializing ProtocolHandler ["http-bio-8080"]
Mar 02, 2014 4:01:52 PM org.apache.coyote.AbstractProtocolHandler init
INFO: Initializing ProtocolHandler ["ajp-bio-8009"]
Mar 02, 2014 4:01:52 PM org.apache.catalina.startup.Catalina load
INFO: Initialization processed in 874 ms
Mar 02, 2014 4:01:52 PM org.apache.catalina.core.StandardService startInternal
INFO: Starting service Catalina
Mar 02, 2014 4:01:52 PM org.apache.catalina.core.StandardEngine startInternal
INFO: Starting Servlet Engine: Apache Tomcat/7.0.12
Mar 02, 2014 4:01:52 PM org.apache.catalina.startup.HostConfig deployDirectory
INFO: Deploying web application directory docs
Mar 02, 2014 4:01:52 PM org.apache.catalina.startup.HostConfig deployDirectory
INFO: Deploying web application directory host-manager
Mar 02, 2014 4:01:52 PM org.apache.catalina.startup.HostConfig deployDirectory
INFO: Deploying web application directory ROOT
Mar 02, 2014 4:01:53 PM org.apache.catalina.startup.HostConfig deployDirectory
INFO: Deploying web application directory manager
Mar 02, 2014 4:01:53 PM org.apache.catalina.startup.HostConfig deployDirectory
INFO: Deploying web application directory examples
Mar 02, 2014 4:01:53 PM org.apache.coyote.AbstractProtocolHandler start
INFO: Starting ProtocolHandler ["http-bio-8080"]
Mar 02, 2014 4:01:53 PM org.apache.coyote.AbstractProtocolHandler start
INFO: Starting ProtocolHandler ["ajp-bio-8009"]
Mar 02, 2014 4:01:53 PM org.apache.catalina.startup.Catalina start
INFO: Server startup in 924 ms
Mar 02, 2014 4:04:20 PM org.apache.catalina.core.StandardServer await
INFO: A valid shutdown command was received via the shutdown port. Stopping the Server instance.
Mar 02, 2014 4:04:20 PM org.apache.coyote.AbstractProtocolHandler pause
INFO: Pausing ProtocolHandler ["http-bio-8080"]
Mar 02, 2014 4:04:21 PM org.apache.coyote.AbstractProtocolHandler pause
INFO: Pausing ProtocolHandler ["ajp-bio-8009"]
Mar 02, 2014 4:04:22 PM org.apache.catalina.core.StandardService stopInternal
INFO: Stopping service Catalina
Mar 02, 2014 4:04:22 PM org.apache.coyote.AbstractProtocolHandler stop
INFO: Stopping ProtocolHandler ["http-bio-8080"]
Mar 02, 2014 4:04:22 PM org.apache.coyote.AbstractProtocolHandler stop
INFO: Stopping ProtocolHandler ["ajp-bio-8009"]
Mar 02, 2014 7:24:50 PM org.apache.catalina.core.AprLifecycleListener init
INFO: The APR based Apache Tomcat Native library which allows optimal performance in production environments was not found on the java.library.path: /usr/java/packages/lib/i386:/lib:/usr/lib
Mar 02, 2014 7:24:50 PM org.apache.tomcat.util.digester.SetPropertiesRule begin
WARNING: [SetPropertiesRule]{Server/Service/Engine/Host/Context} Setting property 'source' to 'org.eclipse.jst.jee.server:BoardWeb' did not find a matching property.
Mar 02, 2014 7:24:51 PM org.apache.coyote.AbstractProtocolHandler init
INFO: Initializing ProtocolHandler ["http-bio-8080"]
Mar 02, 2014 7:24:51 PM org.apache.coyote.AbstractProtocolHandler init
INFO: Initializing ProtocolHandler ["ajp-bio-8009"]
Mar 02, 2014 7:24:51 PM org.apache.catalina.startup.Catalina load
INFO: Initialization processed in 762 ms
Mar 02, 2014 7:24:51 PM org.apache.catalina.core.StandardService startInternal
INFO: Starting service Catalina
Mar 02, 2014 7:24:51 PM org.apache.catalina.core.StandardEngine startInternal
INFO: Starting Servlet Engine: Apache Tomcat/7.0.12
Mar 02, 2014 7:24:51 PM org.apache.catalina.core.StandardContext resourcesStart
SEVERE: Error starting static Resources
java.lang.IllegalArgumentException: Document base /home/tiankonguse/app/NENULiveBoard/tomcat/webapps/BoardWeb does not exist or is not a readable directory
	at org.apache.naming.resources.FileDirContext.setDocBase(FileDirContext.java:140)
	at org.apache.catalina.core.StandardContext.resourcesStart(StandardContext.java:4814)
	at org.apache.catalina.core.StandardContext.startInternal(StandardContext.java:4994)
	at org.apache.catalina.util.LifecycleBase.start(LifecycleBase.java:145)
	at org.apache.catalina.core.ContainerBase.startInternal(ContainerBase.java:1033)
	at org.apache.catalina.core.StandardHost.startInternal(StandardHost.java:774)
	at org.apache.catalina.util.LifecycleBase.start(LifecycleBase.java:145)
	at org.apache.catalina.core.ContainerBase.startInternal(ContainerBase.java:1033)
	at org.apache.catalina.core.StandardEngine.startInternal(StandardEngine.java:291)
	at org.apache.catalina.util.LifecycleBase.start(LifecycleBase.java:145)
	at org.apache.catalina.core.StandardService.startInternal(StandardService.java:443)
	at org.apache.catalina.util.LifecycleBase.start(LifecycleBase.java:145)
	at org.apache.catalina.core.StandardServer.startInternal(StandardServer.java:727)
	at org.apache.catalina.util.LifecycleBase.start(LifecycleBase.java:145)
	at org.apache.catalina.startup.Catalina.start(Catalina.java:620)
	at sun.reflect.NativeMethodAccessorImpl.invoke0(Native Method)
	at sun.reflect.NativeMethodAccessorImpl.invoke(Unknown Source)
	at sun.reflect.DelegatingMethodAccessorImpl.invoke(Unknown Source)
	at java.lang.reflect.Method.invoke(Unknown Source)
	at org.apache.catalina.startup.Bootstrap.start(Bootstrap.java:303)
	at org.apache.catalina.startup.Bootstrap.main(Bootstrap.java:431)

Mar 02, 2014 7:24:51 PM org.apache.catalina.core.StandardContext startInternal
SEVERE: Error in resourceStart()
Mar 02, 2014 7:24:51 PM org.apache.catalina.core.StandardContext startInternal
SEVERE: Error getConfigured
Mar 02, 2014 7:24:51 PM org.apache.catalina.core.StandardContext startInternal
SEVERE: Context [/BoardWeb] startup failed due to previous errors
Mar 02, 2014 7:24:51 PM org.apache.catalina.startup.HostConfig deployDirectory
INFO: Deploying web application directory docs
Mar 02, 2014 7:24:51 PM org.apache.catalina.startup.HostConfig deployDirectory
INFO: Deploying web application directory host-manager
Mar 02, 2014 7:24:51 PM org.apache.catalina.startup.HostConfig deployDirectory
INFO: Deploying web application directory ROOT
Mar 02, 2014 7:24:51 PM org.apache.catalina.startup.HostConfig deployDirectory
INFO: Deploying web application directory manager
Mar 02, 2014 7:24:51 PM org.apache.catalina.startup.HostConfig deployDirectory
INFO: Deploying web application directory examples
Mar 02, 2014 7:24:51 PM org.apache.coyote.AbstractProtocolHandler start
INFO: Starting ProtocolHandler ["http-bio-8080"]
Mar 02, 2014 7:24:51 PM org.apache.coyote.AbstractProtocolHandler start
INFO: Starting ProtocolHandler ["ajp-bio-8009"]
Mar 02, 2014 7:24:51 PM org.apache.catalina.startup.Catalina start
INFO: Server startup in 892 ms
Mar 02, 2014 7:28:08 PM org.apache.catalina.core.StandardServer await
INFO: A valid shutdown command was received via the shutdown port. Stopping the Server instance.
Mar 02, 2014 7:28:08 PM org.apache.coyote.AbstractProtocolHandler pause
INFO: Pausing ProtocolHandler ["http-bio-8080"]
Mar 02, 2014 7:28:09 PM org.apache.coyote.AbstractProtocolHandler pause
INFO: Pausing ProtocolHandler ["ajp-bio-8009"]
Mar 02, 2014 7:28:10 PM org.apache.catalina.core.StandardService stopInternal
INFO: Stopping service Catalina
Mar 02, 2014 7:28:10 PM org.apache.catalina.util.LifecycleBase stop
INFO: The stop() method was called on component [StandardEngine[Catalina].StandardHost[localhost].StandardContext[/BoardWeb]] after stop() had already been called. The second call will be ignored.
Mar 02, 2014 7:28:10 PM org.apache.coyote.AbstractProtocolHandler stop
INFO: Stopping ProtocolHandler ["http-bio-8080"]
Mar 02, 2014 7:28:10 PM org.apache.coyote.AbstractProtocolHandler stop
INFO: Stopping ProtocolHandler ["ajp-bio-8009"]
Mar 02, 2014 7:28:19 PM org.apache.catalina.core.AprLifecycleListener init
INFO: The APR based Apache Tomcat Native library which allows optimal performance in production environments was not found on the java.library.path: /usr/java/packages/lib/i386:/lib:/usr/lib
Mar 02, 2014 7:28:19 PM org.apache.tomcat.util.digester.SetPropertiesRule begin
WARNING: [SetPropertiesRule]{Server/Service/Engine/Host/Context} Setting property 'source' to 'org.eclipse.jst.jee.server:BoardWeb' did not find a matching property.
Mar 02, 2014 7:28:19 PM org.apache.coyote.AbstractProtocolHandler init
INFO: Initializing ProtocolHandler ["http-bio-8080"]
Mar 02, 2014 7:28:19 PM org.apache.coyote.AbstractProtocolHandler init
INFO: Initializing ProtocolHandler ["ajp-bio-8009"]
Mar 02, 2014 7:28:19 PM org.apache.catalina.startup.Catalina load
INFO: Initialization processed in 734 ms
Mar 02, 2014 7:28:19 PM org.apache.catalina.core.StandardService startInternal
INFO: Starting service Catalina
Mar 02, 2014 7:28:19 PM org.apache.catalina.core.StandardEngine startInternal
INFO: Starting Servlet Engine: Apache Tomcat/7.0.12
Mar 02, 2014 7:28:20 PM org.apache.catalina.startup.HostConfig deployDirectory
INFO: Deploying web application directory docs
Mar 02, 2014 7:28:20 PM org.apache.catalina.startup.HostConfig deployDirectory
INFO: Deploying web application directory host-manager
Mar 02, 2014 7:28:20 PM org.apache.catalina.startup.HostConfig deployDirectory
INFO: Deploying web application directory ROOT
Mar 02, 2014 7:28:20 PM org.apache.catalina.startup.HostConfig deployDirectory
INFO: Deploying web application directory manager
Mar 02, 2014 7:28:21 PM org.apache.catalina.startup.HostConfig deployDirectory
INFO: Deploying web application directory examples
Mar 02, 2014 7:28:21 PM org.apache.coyote.AbstractProtocolHandler start
INFO: Starting ProtocolHandler ["http-bio-8080"]
Mar 02, 2014 7:28:21 PM org.apache.coyote.AbstractProtocolHandler start
INFO: Starting ProtocolHandler ["ajp-bio-8009"]
Mar 02, 2014 7:28:21 PM org.apache.catalina.startup.Catalina start
INFO: Server startup in 1749 ms
Mar 02, 2014 7:28:48 PM org.apache.catalina.core.StandardServer await
INFO: A valid shutdown command was received via the shutdown port. Stopping the Server instance.
Mar 02, 2014 7:28:48 PM org.apache.coyote.AbstractProtocolHandler pause
INFO: Pausing ProtocolHandler ["http-bio-8080"]
Mar 02, 2014 7:28:50 PM org.apache.coyote.AbstractProtocolHandler pause
INFO: Pausing ProtocolHandler ["ajp-bio-8009"]
Mar 02, 2014 7:28:51 PM org.apache.catalina.core.StandardService stopInternal
INFO: Stopping service Catalina
Mar 02, 2014 7:28:51 PM org.apache.catalina.loader.WebappClassLoader clearReferencesJdbc
SEVERE: The web application [/BoardWeb] registered the JDBC driver [com.mysql.jdbc.Driver] but failed to unregister it when the web application was stopped. To prevent a memory leak, the JDBC Driver has been forcibly unregistered.
Mar 02, 2014 7:28:51 PM org.apache.catalina.loader.WebappClassLoader clearReferencesThreads
SEVERE: The web application [/BoardWeb] appears to have started a thread named [Thread-9] but has failed to stop it. This is very likely to create a memory leak.
Mar 02, 2014 7:28:51 PM org.apache.coyote.AbstractProtocolHandler stop
INFO: Stopping ProtocolHandler ["http-bio-8080"]
Mar 02, 2014 7:28:51 PM org.apache.coyote.AbstractProtocolHandler stop
INFO: Stopping ProtocolHandler ["ajp-bio-8009"]
Mar 02, 2014 7:28:52 PM org.apache.catalina.core.AprLifecycleListener init
INFO: The APR based Apache Tomcat Native library which allows optimal performance in production environments was not found on the java.library.path: /usr/java/packages/lib/i386:/lib:/usr/lib
Mar 02, 2014 7:28:52 PM org.apache.tomcat.util.digester.SetPropertiesRule begin
WARNING: [SetPropertiesRule]{Server/Service/Engine/Host/Context} Setting property 'source' to 'org.eclipse.jst.jee.server:BoardWeb' did not find a matching property.
Mar 02, 2014 7:28:53 PM org.apache.coyote.AbstractProtocolHandler init
INFO: Initializing ProtocolHandler ["http-bio-8080"]
Mar 02, 2014 7:28:53 PM org.apache.coyote.AbstractProtocolHandler init
INFO: Initializing ProtocolHandler ["ajp-bio-8009"]
Mar 02, 2014 7:28:53 PM org.apache.catalina.startup.Catalina load
INFO: Initialization processed in 770 ms
Mar 02, 2014 7:28:53 PM org.apache.catalina.core.StandardService startInternal
INFO: Starting service Catalina
Mar 02, 2014 7:28:53 PM org.apache.catalina.core.StandardEngine startInternal
INFO: Starting Servlet Engine: Apache Tomcat/7.0.12
Mar 02, 2014 7:28:54 PM org.apache.catalina.startup.HostConfig deployDirectory
INFO: Deploying web application directory docs
Mar 02, 2014 7:28:54 PM org.apache.catalina.startup.HostConfig deployDirectory
INFO: Deploying web application directory host-manager
Mar 02, 2014 7:28:54 PM org.apache.catalina.startup.HostConfig deployDirectory
INFO: Deploying web application directory ROOT
Mar 02, 2014 7:28:54 PM org.apache.catalina.startup.HostConfig deployDirectory
INFO: Deploying web application directory manager
Mar 02, 2014 7:28:54 PM org.apache.catalina.startup.HostConfig deployDirectory
INFO: Deploying web application directory examples
Mar 02, 2014 7:28:54 PM org.apache.coyote.AbstractProtocolHandler start
INFO: Starting ProtocolHandler ["http-bio-8080"]
Mar 02, 2014 7:28:54 PM org.apache.coyote.AbstractProtocolHandler start
INFO: Starting ProtocolHandler ["ajp-bio-8009"]
Mar 02, 2014 7:28:54 PM org.apache.catalina.startup.Catalina start
INFO: Server startup in 1494 ms
Mar 02, 2014 8:13:03 PM org.apache.catalina.core.StandardServer await
INFO: A valid shutdown command was received via the shutdown port. Stopping the Server instance.
Mar 02, 2014 8:13:03 PM org.apache.coyote.AbstractProtocolHandler pause
INFO: Pausing ProtocolHandler ["http-bio-8080"]
Mar 02, 2014 8:13:04 PM org.apache.coyote.AbstractProtocolHandler pause
INFO: Pausing ProtocolHandler ["ajp-bio-8009"]
Mar 02, 2014 8:13:05 PM org.apache.catalina.core.StandardService stopInternal
INFO: Stopping service Catalina
Mar 02, 2014 8:13:05 PM org.apache.catalina.loader.WebappClassLoader clearReferencesJdbc
SEVERE: The web application [/BoardWeb] registered the JDBC driver [com.mysql.jdbc.Driver] but failed to unregister it when the web application was stopped. To prevent a memory leak, the JDBC Driver has been forcibly unregistered.
Mar 02, 2014 8:13:05 PM org.apache.catalina.loader.WebappClassLoader clearReferencesThreads
SEVERE: The web application [/BoardWeb] appears to have started a thread named [Thread-9] but has failed to stop it. This is very likely to create a memory leak.
Mar 02, 2014 8:13:05 PM org.apache.coyote.AbstractProtocolHandler stop
INFO: Stopping ProtocolHandler ["http-bio-8080"]
Mar 02, 2014 8:13:05 PM org.apache.coyote.AbstractProtocolHandler stop
INFO: Stopping ProtocolHandler ["ajp-bio-8009"]
Mar 02, 2014 8:13:11 PM org.apache.catalina.core.AprLifecycleListener init
INFO: The APR based Apache Tomcat Native library which allows optimal performance in production environments was not found on the java.library.path: /usr/java/packages/lib/i386:/lib:/usr/lib
Mar 02, 2014 8:13:11 PM org.apache.tomcat.util.digester.SetPropertiesRule begin
WARNING: [SetPropertiesRule]{Server/Service/Engine/Host/Context} Setting property 'source' to 'org.eclipse.jst.jee.server:BoardWeb' did not find a matching property.
Mar 02, 2014 8:13:11 PM org.apache.coyote.AbstractProtocolHandler init
INFO: Initializing ProtocolHandler ["http-bio-8080"]
Mar 02, 2014 8:13:11 PM org.apache.coyote.AbstractProtocolHandler init
INFO: Initializing ProtocolHandler ["ajp-bio-8009"]
Mar 02, 2014 8:13:11 PM org.apache.catalina.startup.Catalina load
INFO: Initialization processed in 786 ms
Mar 02, 2014 8:13:11 PM org.apache.catalina.core.StandardService startInternal
INFO: Starting service Catalina
Mar 02, 2014 8:13:11 PM org.apache.catalina.core.StandardEngine startInternal
INFO: Starting Servlet Engine: Apache Tomcat/7.0.12
Mar 02, 2014 8:13:12 PM org.apache.catalina.startup.HostConfig deployDirectory
INFO: Deploying web application directory docs
Mar 02, 2014 8:13:12 PM org.apache.catalina.startup.HostConfig deployDirectory
INFO: Deploying web application directory host-manager
Mar 02, 2014 8:13:12 PM org.apache.catalina.startup.HostConfig deployDirectory
INFO: Deploying web application directory ROOT
Mar 02, 2014 8:13:12 PM org.apache.catalina.startup.HostConfig deployDirectory
INFO: Deploying web application directory manager
Mar 02, 2014 8:13:12 PM org.apache.catalina.startup.HostConfig deployDirectory
INFO: Deploying web application directory examples
Mar 02, 2014 8:13:13 PM org.apache.coyote.AbstractProtocolHandler start
INFO: Starting ProtocolHandler ["http-bio-8080"]
Mar 02, 2014 8:13:13 PM org.apache.coyote.AbstractProtocolHandler start
INFO: Starting ProtocolHandler ["ajp-bio-8009"]
Mar 02, 2014 8:13:13 PM org.apache.catalina.startup.Catalina start
INFO: Server startup in 1578 ms
Mar 02, 2014 8:13:33 PM org.apache.catalina.loader.WebappClassLoader modified
SEVERE:     Resource '/WEB-INF/lib/activation.jar' is missing
Mar 02, 2014 8:13:33 PM org.apache.catalina.core.StandardContext reload
INFO: Reloading Context with name [/BoardWeb] has started
Mar 02, 2014 8:13:33 PM org.apache.catalina.loader.WebappClassLoader clearReferencesJdbc
SEVERE: The web application [/BoardWeb] registered the JDBC driver [com.mysql.jdbc.Driver] but failed to unregister it when the web application was stopped. To prevent a memory leak, the JDBC Driver has been forcibly unregistered.
Mar 02, 2014 8:13:33 PM org.apache.catalina.loader.WebappClassLoader clearReferencesThreads
SEVERE: The web application [/BoardWeb] appears to have started a thread named [Thread-9] but has failed to stop it. This is very likely to create a memory leak.
Mar 02, 2014 8:13:33 PM org.apache.catalina.core.StandardContext resourcesStart
SEVERE: Error starting static Resources
java.lang.IllegalArgumentException: Document base /home/tiankonguse/app/NENULiveBoard/tomcat/webapps/BoardWeb does not exist or is not a readable directory
	at org.apache.naming.resources.FileDirContext.setDocBase(FileDirContext.java:140)
	at org.apache.catalina.core.StandardContext.resourcesStart(StandardContext.java:4814)
	at org.apache.catalina.core.StandardContext.startInternal(StandardContext.java:4994)
	at org.apache.catalina.util.LifecycleBase.start(LifecycleBase.java:145)
	at org.apache.catalina.core.StandardContext.reload(StandardContext.java:3832)
	at org.apache.catalina.loader.WebappLoader.backgroundProcess(WebappLoader.java:424)
	at org.apache.catalina.core.ContainerBase.backgroundProcess(ContainerBase.java:1205)
	at org.apache.catalina.core.ContainerBase$ContainerBackgroundProcessor.processChildren(ContainerBase.java:1391)
	at org.apache.catalina.core.ContainerBase$ContainerBackgroundProcessor.processChildren(ContainerBase.java:1401)
	at org.apache.catalina.core.ContainerBase$ContainerBackgroundProcessor.processChildren(ContainerBase.java:1401)
	at org.apache.catalina.core.ContainerBase$ContainerBackgroundProcessor.run(ContainerBase.java:1380)
	at java.lang.Thread.run(Unknown Source)

Mar 02, 2014 8:13:33 PM org.apache.catalina.core.StandardContext startInternal
SEVERE: Error in resourceStart()
Mar 02, 2014 8:13:33 PM org.apache.catalina.core.StandardContext startInternal
SEVERE: Error getConfigured
Mar 02, 2014 8:13:33 PM org.apache.catalina.core.StandardContext startInternal
SEVERE: Context [/BoardWeb] startup failed due to previous errors
Mar 02, 2014 8:13:33 PM org.apache.catalina.util.LifecycleBase stop
INFO: The stop() method was called on component [Pipeline[StandardEngine[Catalina].StandardHost[localhost].StandardContext[/BoardWeb]]] after stop() had already been called. The second call will be ignored.
Mar 02, 2014 8:13:33 PM org.apache.catalina.util.LifecycleBase stop
INFO: The stop() method was called on component [WebappLoader[/BoardWeb]] after stop() had already been called. The second call will be ignored.
Mar 02, 2014 8:13:33 PM org.apache.catalina.core.StandardContext reload
INFO: Reloading Context with name [/BoardWeb] is completed
Mar 02, 2014 8:13:43 PM org.apache.catalina.core.StandardServer await
INFO: A valid shutdown command was received via the shutdown port. Stopping the Server instance.
Mar 02, 2014 8:13:43 PM org.apache.coyote.AbstractProtocolHandler pause
INFO: Pausing ProtocolHandler ["http-bio-8080"]
Mar 02, 2014 8:13:44 PM org.apache.coyote.AbstractProtocolHandler pause
INFO: Pausing ProtocolHandler ["ajp-bio-8009"]
Mar 02, 2014 8:13:45 PM org.apache.catalina.core.StandardService stopInternal
INFO: Stopping service Catalina
Mar 02, 2014 8:13:45 PM org.apache.catalina.util.LifecycleBase stop
INFO: The stop() method was called on component [StandardEngine[Catalina].StandardHost[localhost].StandardContext[/BoardWeb]] after stop() had already been called. The second call will be ignored.
Mar 02, 2014 8:13:45 PM org.apache.coyote.AbstractProtocolHandler stop
INFO: Stopping ProtocolHandler ["http-bio-8080"]
Mar 02, 2014 8:13:45 PM org.apache.coyote.AbstractProtocolHandler stop
INFO: Stopping ProtocolHandler ["ajp-bio-8009"]
